# JRE version: Java(TM) SE Runtime Environment (18.0.1.1+2) (build 18.0.1.1+2-6)
# Java VM: Java HotSpot(TM) 64-Bit Server VM (18.0.1.1+2-6, mixed mode, sharing, tiered, compressed oops, compressed class ptrs, g1 gc, windows-amd64)
GC Precious Log:
 CardTable entry size: 512
 Card Set container configuration: InlinePtr #cards 4 size 8 Array Of Cards #cards 32 size 80 Howl #buckets 8 coarsen threshold 7372 Howl Bitmap #cards 1024 size 144 coarsen threshold 921 Card regions per heap region 1 cards per card region 8192
 CPUs: 12 total, 12 available
 Memory: 32700M
 Large Page Support: Disabled
 NUMA Support: Disabled
 Compressed Oops: Enabled (Zero based)
 Heap Region Size: 4M
 Heap Min Capacity: 8M
 Heap Initial Capacity: 512M
 Heap Max Capacity: 8176M
 Pre-touch: Disabled
 Parallel Workers: 10
 Concurrent Workers: 3
 Concurrent Refinement Workers: 10
 Periodic GC: Disabled
Heap:
 garbage-first heap   total 16384K, used 4656K [0x0000000601000000, 0x0000000800000000)
  region size 4096K, 1 young (4096K), 0 survivors (0K)
 Metaspace       used 4420K, committed 4672K, reserved 1114112K
  class space    used 250K, committed 384K, reserved 1048576K
GC Heap History (20 events):
Event: 3.658 GC heap before
{Heap before GC invocations=188 (full 187):
 garbage-first heap   total 16384K, used 4652K [0x0000000601000000, 0x0000000800000000)
  region size 4096K, 1 young (4096K), 0 survivors (0K)
 Metaspace       used 4405K, committed 4672K, reserved 1114112K
  class space    used 250K, committed 384K, reserved 1048576K
}
Event: 3.665 GC heap after
{Heap after GC invocations=189 (full 188):
 garbage-first heap   total 16384K, used 4652K [0x0000000601000000, 0x0000000800000000)
  region size 4096K, 0 young (0K), 0 survivors (0K)
 Metaspace       used 4405K, committed 4672K, reserved 1114112K
  class space    used 250K, committed 384K, reserved 1048576K
}
Event: 3.675 GC heap before
{Heap before GC invocations=189 (full 188):
 garbage-first heap   total 16384K, used 4652K [0x0000000601000000, 0x0000000800000000)
  region size 4096K, 1 young (4096K), 0 survivors (0K)
 Metaspace       used 4405K, committed 4672K, reserved 1114112K
  class space    used 250K, committed 384K, reserved 1048576K
}
Event: 3.681 GC heap after
{Heap after GC invocations=190 (full 189):
 garbage-first heap   total 16384K, used 4652K [0x0000000601000000, 0x0000000800000000)
  region size 4096K, 0 young (0K), 0 survivors (0K)
 Metaspace       used 4405K, committed 4672K, reserved 1114112K
  class space    used 250K, committed 384K, reserved 1048576K
}
Event: 3.692 GC heap before
{Heap before GC invocations=190 (full 189):
 garbage-first heap   total 16384K, used 4652K [0x0000000601000000, 0x0000000800000000)
  region size 4096K, 1 young (4096K), 0 survivors (0K)
 Metaspace       used 4405K, committed 4672K, reserved 1114112K
  class space    used 250K, committed 384K, reserved 1048576K
}
Event: 3.698 GC heap after
{Heap after GC invocations=191 (full 190):
 garbage-first heap   total 16384K, used 4652K [0x0000000601000000, 0x0000000800000000)
  region size 4096K, 0 young (0K), 0 survivors (0K)
 Metaspace       used 4405K, committed 4672K, reserved 1114112K
  class space    used 250K, committed 384K, reserved 1048576K
}
Event: 3.708 GC heap before
{Heap before GC invocations=191 (full 190):
 garbage-first heap   total 16384K, used 4652K [0x0000000601000000, 0x0000000800000000)
  region size 4096K, 1 young (4096K), 0 survivors (0K)
 Metaspace       used 4405K, committed 4672K, reserved 1114112K
  class space    used 250K, committed 384K, reserved 1048576K
}
Event: 3.715 GC heap after
{Heap after GC invocations=192 (full 191):
 garbage-first heap   total 16384K, used 4652K [0x0000000601000000, 0x0000000800000000)
  region size 4096K, 0 young (0K), 0 survivors (0K)
 Metaspace       used 4405K, committed 4672K, reserved 1114112K
  class space    used 250K, committed 384K, reserved 1048576K
}
Event: 3.725 GC heap before
{Heap before GC invocations=192 (full 191):
 garbage-first heap   total 16384K, used 4652K [0x0000000601000000, 0x0000000800000000)
  region size 4096K, 1 young (4096K), 0 survivors (0K)
 Metaspace       used 4410K, committed 4672K, reserved 1114112K
  class space    used 250K, committed 384K, reserved 1048576K
}
Event: 3.732 GC heap after
{Heap after GC invocations=193 (full 192):
 garbage-first heap   total 16384K, used 4652K [0x0000000601000000, 0x0000000800000000)
  region size 4096K, 0 young (0K), 0 survivors (0K)
 Metaspace       used 4410K, committed 4672K, reserved 1114112K
  class space    used 250K, committed 384K, reserved 1048576K
}
Event: 3.742 GC heap before
{Heap before GC invocations=193 (full 192):
 garbage-first heap   total 16384K, used 4652K [0x0000000601000000, 0x0000000800000000)
  region size 4096K, 1 young (4096K), 0 survivors (0K)
 Metaspace       used 4413K, committed 4672K, reserved 1114112K
  class space    used 250K, committed 384K, reserved 1048576K
}
Event: 3.748 GC heap after
{Heap after GC invocations=194 (full 193):
 garbage-first heap   total 16384K, used 4652K [0x0000000601000000, 0x0000000800000000)
  region size 4096K, 0 young (0K), 0 survivors (0K)
 Metaspace       used 4413K, committed 4672K, reserved 1114112K
  class space    used 250K, committed 384K, reserved 1048576K
}
Event: 3.758 GC heap before
{Heap before GC invocations=194 (full 193):
 garbage-first heap   total 16384K, used 4652K [0x0000000601000000, 0x0000000800000000)
  region size 4096K, 1 young (4096K), 0 survivors (0K)
 Metaspace       used 4414K, committed 4672K, reserved 1114112K
  class space    used 250K, committed 384K, reserved 1048576K
}
Event: 3.765 GC heap after
{Heap after GC invocations=195 (full 194):
 garbage-first heap   total 16384K, used 4652K [0x0000000601000000, 0x0000000800000000)
  region size 4096K, 0 young (0K), 0 survivors (0K)
 Metaspace       used 4414K, committed 4672K, reserved 1114112K
  class space    used 250K, committed 384K, reserved 1048576K
}
Event: 3.775 GC heap before
{Heap before GC invocations=195 (full 194):
 garbage-first heap   total 16384K, used 4652K [0x0000000601000000, 0x0000000800000000)
  region size 4096K, 1 young (4096K), 0 survivors (0K)
 Metaspace       used 4414K, committed 4672K, reserved 1114112K
  class space    used 250K, committed 384K, reserved 1048576K
}
Event: 3.782 GC heap after
{Heap after GC invocations=196 (full 195):
 garbage-first heap   total 16384K, used 4652K [0x0000000601000000, 0x0000000800000000)
  region size 4096K, 0 young (0K), 0 survivors (0K)
 Metaspace       used 4414K, committed 4672K, reserved 1114112K
  class space    used 250K, committed 384K, reserved 1048576K
}
Event: 3.792 GC heap before
{Heap before GC invocations=196 (full 195):
 garbage-first heap   total 16384K, used 4652K [0x0000000601000000, 0x0000000800000000)
  region size 4096K, 1 young (4096K), 0 survivors (0K)
 Metaspace       used 4414K, committed 4672K, reserved 1114112K
  class space    used 250K, committed 384K, reserved 1048576K
}
Event: 3.798 GC heap after
{Heap after GC invocations=197 (full 196):
 garbage-first heap   total 16384K, used 4652K [0x0000000601000000, 0x0000000800000000)
  region size 4096K, 0 young (0K), 0 survivors (0K)
 Metaspace       used 4414K, committed 4672K, reserved 1114112K
  class space    used 250K, committed 384K, reserved 1048576K
}
Event: 3.823 GC heap before
{Heap before GC invocations=197 (full 196):
 garbage-first heap   total 16384K, used 4652K [0x0000000601000000, 0x0000000800000000)
  region size 4096K, 1 young (4096K), 0 survivors (0K)
 Metaspace       used 4420K, committed 4672K, reserved 1114112K
  class space    used 250K, committed 384K, reserved 1048576K
}
Event: 3.833 GC heap after
{Heap after GC invocations=198 (full 197):
 garbage-first heap   total 16384K, used 4656K [0x0000000601000000, 0x0000000800000000)
  region size 4096K, 0 young (0K), 0 survivors (0K)
 Metaspace       used 4420K, committed 4672K, reserved 1114112K
  class space    used 250K, committed 384K, reserved 1048576K
}

