# JRE version: Java(TM) SE Runtime Environment (18.0.1.1+2) (build 18.0.1.1+2-6)
# Java VM: Java HotSpot(TM) 64-Bit Server VM (18.0.1.1+2-6, mixed mode, sharing, tiered, compressed oops, compressed class ptrs, g1 gc, windows-amd64)
GC Precious Log:
 CardTable entry size: 512
 Card Set container configuration: InlinePtr #cards 4 size 8 Array Of Cards #cards 32 size 80 Howl #buckets 8 coarsen threshold 7372 Howl Bitmap #cards 1024 size 144 coarsen threshold 921 Card regions per heap region 1 cards per card region 8192
 CPUs: 12 total, 12 available
 Memory: 32700M
 Large Page Support: Disabled
 NUMA Support: Disabled
 Compressed Oops: Enabled (Zero based)
 Heap Region Size: 4M
 Heap Min Capacity: 8M
 Heap Initial Capacity: 512M
 Heap Max Capacity: 8176M
 Pre-touch: Disabled
 Parallel Workers: 10
 Concurrent Workers: 3
 Concurrent Refinement Workers: 10
 Periodic GC: Disabled
Heap:
 garbage-first heap   total 16384K, used 4663K [0x0000000601000000, 0x0000000800000000)
  region size 4096K, 1 young (4096K), 0 survivors (0K)
 Metaspace       used 4481K, committed 4672K, reserved 1114112K
  class space    used 250K, committed 384K, reserved 1048576K
GC Heap History (20 events):
Event: 94.554 GC heap before
{Heap before GC invocations=5636 (full 5635):
 garbage-first heap   total 16384K, used 4659K [0x0000000601000000, 0x0000000800000000)
  region size 4096K, 1 young (4096K), 0 survivors (0K)
 Metaspace       used 4477K, committed 4672K, reserved 1114112K
  class space    used 250K, committed 384K, reserved 1048576K
}
Event: 94.560 GC heap after
{Heap after GC invocations=5637 (full 5636):
 garbage-first heap   total 16384K, used 4659K [0x0000000601000000, 0x0000000800000000)
  region size 4096K, 0 young (0K), 0 survivors (0K)
 Metaspace       used 4477K, committed 4672K, reserved 1114112K
  class space    used 250K, committed 384K, reserved 1048576K
}
Event: 94.571 GC heap before
{Heap before GC invocations=5637 (full 5636):
 garbage-first heap   total 16384K, used 4659K [0x0000000601000000, 0x0000000800000000)
  region size 4096K, 1 young (4096K), 0 survivors (0K)
 Metaspace       used 4477K, committed 4672K, reserved 1114112K
  class space    used 250K, committed 384K, reserved 1048576K
}
Event: 94.577 GC heap after
{Heap after GC invocations=5638 (full 5637):
 garbage-first heap   total 16384K, used 4659K [0x0000000601000000, 0x0000000800000000)
  region size 4096K, 0 young (0K), 0 survivors (0K)
 Metaspace       used 4477K, committed 4672K, reserved 1114112K
  class space    used 250K, committed 384K, reserved 1048576K
}
Event: 94.587 GC heap before
{Heap before GC invocations=5638 (full 5637):
 garbage-first heap   total 16384K, used 4659K [0x0000000601000000, 0x0000000800000000)
  region size 4096K, 1 young (4096K), 0 survivors (0K)
 Metaspace       used 4477K, committed 4672K, reserved 1114112K
  class space    used 250K, committed 384K, reserved 1048576K
}
Event: 94.593 GC heap after
{Heap after GC invocations=5639 (full 5638):
 garbage-first heap   total 16384K, used 4659K [0x0000000601000000, 0x0000000800000000)
  region size 4096K, 0 young (0K), 0 survivors (0K)
 Metaspace       used 4477K, committed 4672K, reserved 1114112K
  class space    used 250K, committed 384K, reserved 1048576K
}
Event: 94.604 GC heap before
{Heap before GC invocations=5639 (full 5638):
 garbage-first heap   total 16384K, used 4659K [0x0000000601000000, 0x0000000800000000)
  region size 4096K, 1 young (4096K), 0 survivors (0K)
 Metaspace       used 4477K, committed 4672K, reserved 1114112K
  class space    used 250K, committed 384K, reserved 1048576K
}
Event: 94.611 GC heap after
{Heap after GC invocations=5640 (full 5639):
 garbage-first heap   total 16384K, used 4659K [0x0000000601000000, 0x0000000800000000)
  region size 4096K, 0 young (0K), 0 survivors (0K)
 Metaspace       used 4477K, committed 4672K, reserved 1114112K
  class space    used 250K, committed 384K, reserved 1048576K
}
Event: 94.621 GC heap before
{Heap before GC invocations=5640 (full 5639):
 garbage-first heap   total 16384K, used 4659K [0x0000000601000000, 0x0000000800000000)
  region size 4096K, 1 young (4096K), 0 survivors (0K)
 Metaspace       used 4477K, committed 4672K, reserved 1114112K
  class space    used 250K, committed 384K, reserved 1048576K
}
Event: 94.628 GC heap after
{Heap after GC invocations=5641 (full 5640):
 garbage-first heap   total 16384K, used 4659K [0x0000000601000000, 0x0000000800000000)
  region size 4096K, 0 young (0K), 0 survivors (0K)
 Metaspace       used 4477K, committed 4672K, reserved 1114112K
  class space    used 250K, committed 384K, reserved 1048576K
}
Event: 94.638 GC heap before
{Heap before GC invocations=5641 (full 5640):
 garbage-first heap   total 16384K, used 4659K [0x0000000601000000, 0x0000000800000000)
  region size 4096K, 1 young (4096K), 0 survivors (0K)
 Metaspace       used 4477K, committed 4672K, reserved 1114112K
  class space    used 250K, committed 384K, reserved 1048576K
}
Event: 94.645 GC heap after
{Heap after GC invocations=5642 (full 5641):
 garbage-first heap   total 16384K, used 4659K [0x0000000601000000, 0x0000000800000000)
  region size 4096K, 0 young (0K), 0 survivors (0K)
 Metaspace       used 4477K, committed 4672K, reserved 1114112K
  class space    used 250K, committed 384K, reserved 1048576K
}
Event: 94.656 GC heap before
{Heap before GC invocations=5642 (full 5641):
 garbage-first heap   total 16384K, used 4659K [0x0000000601000000, 0x0000000800000000)
  region size 4096K, 1 young (4096K), 0 survivors (0K)
 Metaspace       used 4477K, committed 4672K, reserved 1114112K
  class space    used 250K, committed 384K, reserved 1048576K
}
Event: 94.662 GC heap after
{Heap after GC invocations=5643 (full 5642):
 garbage-first heap   total 16384K, used 4659K [0x0000000601000000, 0x0000000800000000)
  region size 4096K, 0 young (0K), 0 survivors (0K)
 Metaspace       used 4477K, committed 4672K, reserved 1114112K
  class space    used 250K, committed 384K, reserved 1048576K
}
Event: 94.672 GC heap before
{Heap before GC invocations=5643 (full 5642):
 garbage-first heap   total 16384K, used 4659K [0x0000000601000000, 0x0000000800000000)
  region size 4096K, 1 young (4096K), 0 survivors (0K)
 Metaspace       used 4477K, committed 4672K, reserved 1114112K
  class space    used 250K, committed 384K, reserved 1048576K
}
Event: 94.678 GC heap after
{Heap after GC invocations=5644 (full 5643):
 garbage-first heap   total 16384K, used 4659K [0x0000000601000000, 0x0000000800000000)
  region size 4096K, 0 young (0K), 0 survivors (0K)
 Metaspace       used 4477K, committed 4672K, reserved 1114112K
  class space    used 250K, committed 384K, reserved 1048576K
}
Event: 94.689 GC heap before
{Heap before GC invocations=5644 (full 5643):
 garbage-first heap   total 16384K, used 4659K [0x0000000601000000, 0x0000000800000000)
  region size 4096K, 1 young (4096K), 0 survivors (0K)
 Metaspace       used 4477K, committed 4672K, reserved 1114112K
  class space    used 250K, committed 384K, reserved 1048576K
}
Event: 94.695 GC heap after
{Heap after GC invocations=5645 (full 5644):
 garbage-first heap   total 16384K, used 4659K [0x0000000601000000, 0x0000000800000000)
  region size 4096K, 0 young (0K), 0 survivors (0K)
 Metaspace       used 4477K, committed 4672K, reserved 1114112K
  class space    used 250K, committed 384K, reserved 1048576K
}
Event: 94.723 GC heap before
{Heap before GC invocations=5645 (full 5644):
 garbage-first heap   total 16384K, used 4659K [0x0000000601000000, 0x0000000800000000)
  region size 4096K, 1 young (4096K), 0 survivors (0K)
 Metaspace       used 4481K, committed 4672K, reserved 1114112K
  class space    used 250K, committed 384K, reserved 1048576K
}
Event: 94.730 GC heap after
{Heap after GC invocations=5646 (full 5645):
 garbage-first heap   total 16384K, used 4663K [0x0000000601000000, 0x0000000800000000)
  region size 4096K, 0 young (0K), 0 survivors (0K)
 Metaspace       used 4481K, committed 4672K, reserved 1114112K
  class space    used 250K, committed 384K, reserved 1048576K
}

