# JRE version: Java(TM) SE Runtime Environment (18.0.1.1+2) (build 18.0.1.1+2-6)
# Java VM: Java HotSpot(TM) 64-Bit Server VM (18.0.1.1+2-6, mixed mode, sharing, tiered, compressed oops, compressed class ptrs, g1 gc, windows-amd64)
GC Precious Log:
 CardTable entry size: 512
 Card Set container configuration: InlinePtr #cards 4 size 8 Array Of Cards #cards 32 size 80 Howl #buckets 8 coarsen threshold 7372 Howl Bitmap #cards 1024 size 144 coarsen threshold 921 Card regions per heap region 1 cards per card region 8192
 CPUs: 12 total, 12 available
 Memory: 32700M
 Large Page Support: Disabled
 NUMA Support: Disabled
 Compressed Oops: Enabled (Zero based)
 Heap Region Size: 4M
 Heap Min Capacity: 8M
 Heap Initial Capacity: 512M
 Heap Max Capacity: 8176M
 Pre-touch: Disabled
 Parallel Workers: 10
 Concurrent Workers: 3
 Concurrent Refinement Workers: 10
 Periodic GC: Disabled
Heap:
 garbage-first heap   total 16384K, used 4657K [0x0000000601000000, 0x0000000800000000)
  region size 4096K, 1 young (4096K), 0 survivors (0K)
 Metaspace       used 4439K, committed 4672K, reserved 1114112K
  class space    used 250K, committed 384K, reserved 1048576K
GC Heap History (20 events):
Event: 5.606 GC heap before
{Heap before GC invocations=303 (full 302):
 garbage-first heap   total 16384K, used 4653K [0x0000000601000000, 0x0000000800000000)
  region size 4096K, 1 young (4096K), 0 survivors (0K)
 Metaspace       used 4434K, committed 4672K, reserved 1114112K
  class space    used 250K, committed 384K, reserved 1048576K
}
Event: 5.612 GC heap after
{Heap after GC invocations=304 (full 303):
 garbage-first heap   total 16384K, used 4653K [0x0000000601000000, 0x0000000800000000)
  region size 4096K, 0 young (0K), 0 survivors (0K)
 Metaspace       used 4434K, committed 4672K, reserved 1114112K
  class space    used 250K, committed 384K, reserved 1048576K
}
Event: 5.622 GC heap before
{Heap before GC invocations=304 (full 303):
 garbage-first heap   total 16384K, used 4653K [0x0000000601000000, 0x0000000800000000)
  region size 4096K, 1 young (4096K), 0 survivors (0K)
 Metaspace       used 4434K, committed 4672K, reserved 1114112K
  class space    used 250K, committed 384K, reserved 1048576K
}
Event: 5.629 GC heap after
{Heap after GC invocations=305 (full 304):
 garbage-first heap   total 16384K, used 4653K [0x0000000601000000, 0x0000000800000000)
  region size 4096K, 0 young (0K), 0 survivors (0K)
 Metaspace       used 4434K, committed 4672K, reserved 1114112K
  class space    used 250K, committed 384K, reserved 1048576K
}
Event: 5.639 GC heap before
{Heap before GC invocations=305 (full 304):
 garbage-first heap   total 16384K, used 4653K [0x0000000601000000, 0x0000000800000000)
  region size 4096K, 1 young (4096K), 0 survivors (0K)
 Metaspace       used 4434K, committed 4672K, reserved 1114112K
  class space    used 250K, committed 384K, reserved 1048576K
}
Event: 5.645 GC heap after
{Heap after GC invocations=306 (full 305):
 garbage-first heap   total 16384K, used 4653K [0x0000000601000000, 0x0000000800000000)
  region size 4096K, 0 young (0K), 0 survivors (0K)
 Metaspace       used 4434K, committed 4672K, reserved 1114112K
  class space    used 250K, committed 384K, reserved 1048576K
}
Event: 5.655 GC heap before
{Heap before GC invocations=306 (full 305):
 garbage-first heap   total 16384K, used 4653K [0x0000000601000000, 0x0000000800000000)
  region size 4096K, 1 young (4096K), 0 survivors (0K)
 Metaspace       used 4434K, committed 4672K, reserved 1114112K
  class space    used 250K, committed 384K, reserved 1048576K
}
Event: 5.662 GC heap after
{Heap after GC invocations=307 (full 306):
 garbage-first heap   total 16384K, used 4653K [0x0000000601000000, 0x0000000800000000)
  region size 4096K, 0 young (0K), 0 survivors (0K)
 Metaspace       used 4434K, committed 4672K, reserved 1114112K
  class space    used 250K, committed 384K, reserved 1048576K
}
Event: 5.672 GC heap before
{Heap before GC invocations=307 (full 306):
 garbage-first heap   total 16384K, used 4653K [0x0000000601000000, 0x0000000800000000)
  region size 4096K, 1 young (4096K), 0 survivors (0K)
 Metaspace       used 4434K, committed 4672K, reserved 1114112K
  class space    used 250K, committed 384K, reserved 1048576K
}
Event: 5.680 GC heap after
{Heap after GC invocations=308 (full 307):
 garbage-first heap   total 16384K, used 4653K [0x0000000601000000, 0x0000000800000000)
  region size 4096K, 0 young (0K), 0 survivors (0K)
 Metaspace       used 4434K, committed 4672K, reserved 1114112K
  class space    used 250K, committed 384K, reserved 1048576K
}
Event: 5.689 GC heap before
{Heap before GC invocations=308 (full 307):
 garbage-first heap   total 16384K, used 4653K [0x0000000601000000, 0x0000000800000000)
  region size 4096K, 1 young (4096K), 0 survivors (0K)
 Metaspace       used 4434K, committed 4672K, reserved 1114112K
  class space    used 250K, committed 384K, reserved 1048576K
}
Event: 5.696 GC heap after
{Heap after GC invocations=309 (full 308):
 garbage-first heap   total 16384K, used 4653K [0x0000000601000000, 0x0000000800000000)
  region size 4096K, 0 young (0K), 0 survivors (0K)
 Metaspace       used 4434K, committed 4672K, reserved 1114112K
  class space    used 250K, committed 384K, reserved 1048576K
}
Event: 5.706 GC heap before
{Heap before GC invocations=309 (full 308):
 garbage-first heap   total 16384K, used 4653K [0x0000000601000000, 0x0000000800000000)
  region size 4096K, 1 young (4096K), 0 survivors (0K)
 Metaspace       used 4434K, committed 4672K, reserved 1114112K
  class space    used 250K, committed 384K, reserved 1048576K
}
Event: 5.712 GC heap after
{Heap after GC invocations=310 (full 309):
 garbage-first heap   total 16384K, used 4653K [0x0000000601000000, 0x0000000800000000)
  region size 4096K, 0 young (0K), 0 survivors (0K)
 Metaspace       used 4434K, committed 4672K, reserved 1114112K
  class space    used 250K, committed 384K, reserved 1048576K
}
Event: 5.724 GC heap before
{Heap before GC invocations=310 (full 309):
 garbage-first heap   total 16384K, used 4653K [0x0000000601000000, 0x0000000800000000)
  region size 4096K, 1 young (4096K), 0 survivors (0K)
 Metaspace       used 4434K, committed 4672K, reserved 1114112K
  class space    used 250K, committed 384K, reserved 1048576K
}
Event: 5.731 GC heap after
{Heap after GC invocations=311 (full 310):
 garbage-first heap   total 16384K, used 4653K [0x0000000601000000, 0x0000000800000000)
  region size 4096K, 0 young (0K), 0 survivors (0K)
 Metaspace       used 4434K, committed 4672K, reserved 1114112K
  class space    used 250K, committed 384K, reserved 1048576K
}
Event: 5.739 GC heap before
{Heap before GC invocations=311 (full 310):
 garbage-first heap   total 16384K, used 4653K [0x0000000601000000, 0x0000000800000000)
  region size 4096K, 1 young (4096K), 0 survivors (0K)
 Metaspace       used 4434K, committed 4672K, reserved 1114112K
  class space    used 250K, committed 384K, reserved 1048576K
}
Event: 5.746 GC heap after
{Heap after GC invocations=312 (full 311):
 garbage-first heap   total 16384K, used 4653K [0x0000000601000000, 0x0000000800000000)
  region size 4096K, 0 young (0K), 0 survivors (0K)
 Metaspace       used 4434K, committed 4672K, reserved 1114112K
  class space    used 250K, committed 384K, reserved 1048576K
}
Event: 5.776 GC heap before
{Heap before GC invocations=312 (full 311):
 garbage-first heap   total 16384K, used 4653K [0x0000000601000000, 0x0000000800000000)
  region size 4096K, 1 young (4096K), 0 survivors (0K)
 Metaspace       used 4439K, committed 4672K, reserved 1114112K
  class space    used 250K, committed 384K, reserved 1048576K
}
Event: 5.784 GC heap after
{Heap after GC invocations=313 (full 312):
 garbage-first heap   total 16384K, used 4657K [0x0000000601000000, 0x0000000800000000)
  region size 4096K, 0 young (0K), 0 survivors (0K)
 Metaspace       used 4439K, committed 4672K, reserved 1114112K
  class space    used 250K, committed 384K, reserved 1048576K
}

