# JRE version: Java(TM) SE Runtime Environment (18.0.1.1+2) (build 18.0.1.1+2-6)
# Java VM: Java HotSpot(TM) 64-Bit Server VM (18.0.1.1+2-6, mixed mode, sharing, tiered, compressed oops, compressed class ptrs, g1 gc, windows-amd64)
GC Precious Log:
 CardTable entry size: 512
 Card Set container configuration: InlinePtr #cards 4 size 8 Array Of Cards #cards 32 size 80 Howl #buckets 8 coarsen threshold 7372 Howl Bitmap #cards 1024 size 144 coarsen threshold 921 Card regions per heap region 1 cards per card region 8192
 CPUs: 12 total, 12 available
 Memory: 32700M
 Large Page Support: Disabled
 NUMA Support: Disabled
 Compressed Oops: Enabled (Zero based)
 Heap Region Size: 4M
 Heap Min Capacity: 8M
 Heap Initial Capacity: 512M
 Heap Max Capacity: 8176M
 Pre-touch: Disabled
 Parallel Workers: 10
 Concurrent Workers: 3
 Concurrent Refinement Workers: 10
 Periodic GC: Disabled
Heap:
 garbage-first heap   total 16384K, used 3924K [0x0000000601000000, 0x0000000800000000)
  region size 4096K, 1 young (4096K), 0 survivors (0K)
 Metaspace       used 3989K, committed 4160K, reserved 1114112K
  class space    used 221K, committed 320K, reserved 1048576K
GC Heap History (6 events):
Event: 0.128 GC heap before
{Heap before GC invocations=0 (full 0):
 garbage-first heap   total 524288K, used 4096K [0x0000000601000000, 0x0000000800000000)
  region size 4096K, 2 young (8192K), 0 survivors (0K)
 Metaspace       used 579K, committed 768K, reserved 1114112K
  class space    used 25K, committed 128K, reserved 1048576K
}
Event: 0.133 GC heap after
{Heap after GC invocations=1 (full 1):
 garbage-first heap   total 28672K, used 3007K [0x0000000601000000, 0x0000000800000000)
  region size 4096K, 0 young (0K), 0 survivors (0K)
 Metaspace       used 579K, committed 768K, reserved 1114112K
  class space    used 25K, committed 128K, reserved 1048576K
}
Event: 0.431 GC heap before
{Heap before GC invocations=1 (full 1):
 garbage-first heap   total 28672K, used 7103K [0x0000000601000000, 0x0000000800000000)
  region size 4096K, 1 young (4096K), 0 survivors (0K)
 Metaspace       used 2605K, committed 2816K, reserved 1114112K
  class space    used 185K, committed 256K, reserved 1048576K
}
Event: 0.432 GC heap after
{Heap after GC invocations=2 (full 1):
 garbage-first heap   total 28672K, used 3487K [0x0000000601000000, 0x0000000800000000)
  region size 4096K, 1 young (4096K), 1 survivors (4096K)
 Metaspace       used 2605K, committed 2816K, reserved 1114112K
  class space    used 185K, committed 256K, reserved 1048576K
}
Event: 0.511 GC heap before
{Heap before GC invocations=2 (full 1):
 garbage-first heap   total 28672K, used 3487K [0x0000000601000000, 0x0000000800000000)
  region size 4096K, 2 young (8192K), 1 survivors (4096K)
 Metaspace       used 3989K, committed 4160K, reserved 1114112K
  class space    used 221K, committed 320K, reserved 1048576K
}
Event: 0.520 GC heap after
{Heap after GC invocations=3 (full 2):
 garbage-first heap   total 16384K, used 3924K [0x0000000601000000, 0x0000000800000000)
  region size 4096K, 0 young (0K), 0 survivors (0K)
 Metaspace       used 3989K, committed 4160K, reserved 1114112K
  class space    used 221K, committed 320K, reserved 1048576K
}

