# JRE version: Java(TM) SE Runtime Environment (18.0.1.1+2) (build 18.0.1.1+2-6)
# Java VM: Java HotSpot(TM) 64-Bit Server VM (18.0.1.1+2-6, mixed mode, sharing, tiered, compressed oops, compressed class ptrs, g1 gc, windows-amd64)
GC Precious Log:
 CardTable entry size: 512
 Card Set container configuration: InlinePtr #cards 4 size 8 Array Of Cards #cards 32 size 80 Howl #buckets 8 coarsen threshold 7372 Howl Bitmap #cards 1024 size 144 coarsen threshold 921 Card regions per heap region 1 cards per card region 8192
 CPUs: 12 total, 12 available
 Memory: 32700M
 Large Page Support: Disabled
 NUMA Support: Disabled
 Compressed Oops: Enabled (Zero based)
 Heap Region Size: 4M
 Heap Min Capacity: 8M
 Heap Initial Capacity: 512M
 Heap Max Capacity: 8176M
 Pre-touch: Disabled
 Parallel Workers: 10
 Concurrent Workers: 3
 Concurrent Refinement Workers: 10
 Periodic GC: Disabled
Heap:
 garbage-first heap   total 16384K, used 4659K [0x0000000601000000, 0x0000000800000000)
  region size 4096K, 1 young (4096K), 0 survivors (0K)
 Metaspace       used 4388K, committed 4672K, reserved 1114112K
  class space    used 250K, committed 384K, reserved 1048576K
GC Heap History (20 events):
Event: 2.069 GC heap before
{Heap before GC invocations=79 (full 78):
 garbage-first heap   total 16384K, used 4656K [0x0000000601000000, 0x0000000800000000)
  region size 4096K, 1 young (4096K), 0 survivors (0K)
 Metaspace       used 4372K, committed 4608K, reserved 1114112K
  class space    used 250K, committed 384K, reserved 1048576K
}
Event: 2.075 GC heap after
{Heap after GC invocations=80 (full 79):
 garbage-first heap   total 16384K, used 4656K [0x0000000601000000, 0x0000000800000000)
  region size 4096K, 0 young (0K), 0 survivors (0K)
 Metaspace       used 4372K, committed 4608K, reserved 1114112K
  class space    used 250K, committed 384K, reserved 1048576K
}
Event: 2.085 GC heap before
{Heap before GC invocations=80 (full 79):
 garbage-first heap   total 16384K, used 4656K [0x0000000601000000, 0x0000000800000000)
  region size 4096K, 1 young (4096K), 0 survivors (0K)
 Metaspace       used 4372K, committed 4608K, reserved 1114112K
  class space    used 250K, committed 384K, reserved 1048576K
}
Event: 2.092 GC heap after
{Heap after GC invocations=81 (full 80):
 garbage-first heap   total 16384K, used 4656K [0x0000000601000000, 0x0000000800000000)
  region size 4096K, 0 young (0K), 0 survivors (0K)
 Metaspace       used 4372K, committed 4608K, reserved 1114112K
  class space    used 250K, committed 384K, reserved 1048576K
}
Event: 2.102 GC heap before
{Heap before GC invocations=81 (full 80):
 garbage-first heap   total 16384K, used 4656K [0x0000000601000000, 0x0000000800000000)
  region size 4096K, 1 young (4096K), 0 survivors (0K)
 Metaspace       used 4372K, committed 4608K, reserved 1114112K
  class space    used 250K, committed 384K, reserved 1048576K
}
Event: 2.108 GC heap after
{Heap after GC invocations=82 (full 81):
 garbage-first heap   total 16384K, used 4656K [0x0000000601000000, 0x0000000800000000)
  region size 4096K, 0 young (0K), 0 survivors (0K)
 Metaspace       used 4372K, committed 4608K, reserved 1114112K
  class space    used 250K, committed 384K, reserved 1048576K
}
Event: 2.118 GC heap before
{Heap before GC invocations=82 (full 81):
 garbage-first heap   total 16384K, used 4656K [0x0000000601000000, 0x0000000800000000)
  region size 4096K, 1 young (4096K), 0 survivors (0K)
 Metaspace       used 4373K, committed 4608K, reserved 1114112K
  class space    used 250K, committed 384K, reserved 1048576K
}
Event: 2.125 GC heap after
{Heap after GC invocations=83 (full 82):
 garbage-first heap   total 16384K, used 4656K [0x0000000601000000, 0x0000000800000000)
  region size 4096K, 0 young (0K), 0 survivors (0K)
 Metaspace       used 4373K, committed 4608K, reserved 1114112K
  class space    used 250K, committed 384K, reserved 1048576K
}
Event: 2.135 GC heap before
{Heap before GC invocations=83 (full 82):
 garbage-first heap   total 16384K, used 4656K [0x0000000601000000, 0x0000000800000000)
  region size 4096K, 1 young (4096K), 0 survivors (0K)
 Metaspace       used 4374K, committed 4608K, reserved 1114112K
  class space    used 250K, committed 384K, reserved 1048576K
}
Event: 2.141 GC heap after
{Heap after GC invocations=84 (full 83):
 garbage-first heap   total 16384K, used 4656K [0x0000000601000000, 0x0000000800000000)
  region size 4096K, 0 young (0K), 0 survivors (0K)
 Metaspace       used 4374K, committed 4608K, reserved 1114112K
  class space    used 250K, committed 384K, reserved 1048576K
}
Event: 2.152 GC heap before
{Heap before GC invocations=84 (full 83):
 garbage-first heap   total 16384K, used 4656K [0x0000000601000000, 0x0000000800000000)
  region size 4096K, 1 young (4096K), 0 survivors (0K)
 Metaspace       used 4374K, committed 4608K, reserved 1114112K
  class space    used 250K, committed 384K, reserved 1048576K
}
Event: 2.158 GC heap after
{Heap after GC invocations=85 (full 84):
 garbage-first heap   total 16384K, used 4656K [0x0000000601000000, 0x0000000800000000)
  region size 4096K, 0 young (0K), 0 survivors (0K)
 Metaspace       used 4374K, committed 4608K, reserved 1114112K
  class space    used 250K, committed 384K, reserved 1048576K
}
Event: 2.169 GC heap before
{Heap before GC invocations=85 (full 84):
 garbage-first heap   total 16384K, used 4656K [0x0000000601000000, 0x0000000800000000)
  region size 4096K, 1 young (4096K), 0 survivors (0K)
 Metaspace       used 4377K, committed 4608K, reserved 1114112K
  class space    used 250K, committed 384K, reserved 1048576K
}
Event: 2.175 GC heap after
{Heap after GC invocations=86 (full 85):
 garbage-first heap   total 16384K, used 4656K [0x0000000601000000, 0x0000000800000000)
  region size 4096K, 0 young (0K), 0 survivors (0K)
 Metaspace       used 4377K, committed 4608K, reserved 1114112K
  class space    used 250K, committed 384K, reserved 1048576K
}
Event: 2.185 GC heap before
{Heap before GC invocations=86 (full 85):
 garbage-first heap   total 16384K, used 4656K [0x0000000601000000, 0x0000000800000000)
  region size 4096K, 1 young (4096K), 0 survivors (0K)
 Metaspace       used 4380K, committed 4608K, reserved 1114112K
  class space    used 250K, committed 384K, reserved 1048576K
}
Event: 2.191 GC heap after
{Heap after GC invocations=87 (full 86):
 garbage-first heap   total 16384K, used 4656K [0x0000000601000000, 0x0000000800000000)
  region size 4096K, 0 young (0K), 0 survivors (0K)
 Metaspace       used 4380K, committed 4608K, reserved 1114112K
  class space    used 250K, committed 384K, reserved 1048576K
}
Event: 2.203 GC heap before
{Heap before GC invocations=87 (full 86):
 garbage-first heap   total 16384K, used 4656K [0x0000000601000000, 0x0000000800000000)
  region size 4096K, 1 young (4096K), 0 survivors (0K)
 Metaspace       used 4383K, committed 4608K, reserved 1114112K
  class space    used 250K, committed 384K, reserved 1048576K
}
Event: 2.209 GC heap after
{Heap after GC invocations=88 (full 87):
 garbage-first heap   total 16384K, used 4656K [0x0000000601000000, 0x0000000800000000)
  region size 4096K, 0 young (0K), 0 survivors (0K)
 Metaspace       used 4383K, committed 4608K, reserved 1114112K
  class space    used 250K, committed 384K, reserved 1048576K
}
Event: 2.229 GC heap before
{Heap before GC invocations=88 (full 87):
 garbage-first heap   total 16384K, used 4656K [0x0000000601000000, 0x0000000800000000)
  region size 4096K, 1 young (4096K), 0 survivors (0K)
 Metaspace       used 4388K, committed 4672K, reserved 1114112K
  class space    used 250K, committed 384K, reserved 1048576K
}
Event: 2.236 GC heap after
{Heap after GC invocations=89 (full 88):
 garbage-first heap   total 16384K, used 4659K [0x0000000601000000, 0x0000000800000000)
  region size 4096K, 0 young (0K), 0 survivors (0K)
 Metaspace       used 4388K, committed 4672K, reserved 1114112K
  class space    used 250K, committed 384K, reserved 1048576K
}

