# JRE version: Java(TM) SE Runtime Environment (18.0.1.1+2) (build 18.0.1.1+2-6)
# Java VM: Java HotSpot(TM) 64-Bit Server VM (18.0.1.1+2-6, mixed mode, sharing, tiered, compressed oops, compressed class ptrs, g1 gc, windows-amd64)
GC Precious Log:
 CardTable entry size: 512
 Card Set container configuration: InlinePtr #cards 4 size 8 Array Of Cards #cards 32 size 80 Howl #buckets 8 coarsen threshold 7372 Howl Bitmap #cards 1024 size 144 coarsen threshold 921 Card regions per heap region 1 cards per card region 8192
 CPUs: 12 total, 12 available
 Memory: 32700M
 Large Page Support: Disabled
 NUMA Support: Disabled
 Compressed Oops: Enabled (Zero based)
 Heap Region Size: 4M
 Heap Min Capacity: 8M
 Heap Initial Capacity: 512M
 Heap Max Capacity: 8176M
 Pre-touch: Disabled
 Parallel Workers: 10
 Concurrent Workers: 3
 Concurrent Refinement Workers: 10
 Periodic GC: Disabled
Heap:
 garbage-first heap   total 16384K, used 4656K [0x0000000601000000, 0x0000000800000000)
  region size 4096K, 1 young (4096K), 0 survivors (0K)
 Metaspace       used 4424K, committed 4672K, reserved 1114112K
  class space    used 250K, committed 384K, reserved 1048576K
GC Heap History (20 events):
Event: 4.208 GC heap before
{Heap before GC invocations=215 (full 214):
 garbage-first heap   total 16384K, used 4653K [0x0000000601000000, 0x0000000800000000)
  region size 4096K, 1 young (4096K), 0 survivors (0K)
 Metaspace       used 4412K, committed 4672K, reserved 1114112K
  class space    used 250K, committed 384K, reserved 1048576K
}
Event: 4.215 GC heap after
{Heap after GC invocations=216 (full 215):
 garbage-first heap   total 16384K, used 4653K [0x0000000601000000, 0x0000000800000000)
  region size 4096K, 0 young (0K), 0 survivors (0K)
 Metaspace       used 4412K, committed 4672K, reserved 1114112K
  class space    used 250K, committed 384K, reserved 1048576K
}
Event: 4.225 GC heap before
{Heap before GC invocations=216 (full 215):
 garbage-first heap   total 16384K, used 4653K [0x0000000601000000, 0x0000000800000000)
  region size 4096K, 1 young (4096K), 0 survivors (0K)
 Metaspace       used 4412K, committed 4672K, reserved 1114112K
  class space    used 250K, committed 384K, reserved 1048576K
}
Event: 4.231 GC heap after
{Heap after GC invocations=217 (full 216):
 garbage-first heap   total 16384K, used 4653K [0x0000000601000000, 0x0000000800000000)
  region size 4096K, 0 young (0K), 0 survivors (0K)
 Metaspace       used 4412K, committed 4672K, reserved 1114112K
  class space    used 250K, committed 384K, reserved 1048576K
}
Event: 4.242 GC heap before
{Heap before GC invocations=217 (full 216):
 garbage-first heap   total 16384K, used 4653K [0x0000000601000000, 0x0000000800000000)
  region size 4096K, 1 young (4096K), 0 survivors (0K)
 Metaspace       used 4412K, committed 4672K, reserved 1114112K
  class space    used 250K, committed 384K, reserved 1048576K
}
Event: 4.248 GC heap after
{Heap after GC invocations=218 (full 217):
 garbage-first heap   total 16384K, used 4653K [0x0000000601000000, 0x0000000800000000)
  region size 4096K, 0 young (0K), 0 survivors (0K)
 Metaspace       used 4412K, committed 4672K, reserved 1114112K
  class space    used 250K, committed 384K, reserved 1048576K
}
Event: 4.259 GC heap before
{Heap before GC invocations=218 (full 217):
 garbage-first heap   total 16384K, used 4653K [0x0000000601000000, 0x0000000800000000)
  region size 4096K, 1 young (4096K), 0 survivors (0K)
 Metaspace       used 4412K, committed 4672K, reserved 1114112K
  class space    used 250K, committed 384K, reserved 1048576K
}
Event: 4.265 GC heap after
{Heap after GC invocations=219 (full 218):
 garbage-first heap   total 16384K, used 4653K [0x0000000601000000, 0x0000000800000000)
  region size 4096K, 0 young (0K), 0 survivors (0K)
 Metaspace       used 4412K, committed 4672K, reserved 1114112K
  class space    used 250K, committed 384K, reserved 1048576K
}
Event: 4.275 GC heap before
{Heap before GC invocations=219 (full 218):
 garbage-first heap   total 16384K, used 4653K [0x0000000601000000, 0x0000000800000000)
  region size 4096K, 1 young (4096K), 0 survivors (0K)
 Metaspace       used 4412K, committed 4672K, reserved 1114112K
  class space    used 250K, committed 384K, reserved 1048576K
}
Event: 4.282 GC heap after
{Heap after GC invocations=220 (full 219):
 garbage-first heap   total 16384K, used 4653K [0x0000000601000000, 0x0000000800000000)
  region size 4096K, 0 young (0K), 0 survivors (0K)
 Metaspace       used 4412K, committed 4672K, reserved 1114112K
  class space    used 250K, committed 384K, reserved 1048576K
}
Event: 4.292 GC heap before
{Heap before GC invocations=220 (full 219):
 garbage-first heap   total 16384K, used 4653K [0x0000000601000000, 0x0000000800000000)
  region size 4096K, 1 young (4096K), 0 survivors (0K)
 Metaspace       used 4412K, committed 4672K, reserved 1114112K
  class space    used 250K, committed 384K, reserved 1048576K
}
Event: 4.298 GC heap after
{Heap after GC invocations=221 (full 220):
 garbage-first heap   total 16384K, used 4653K [0x0000000601000000, 0x0000000800000000)
  region size 4096K, 0 young (0K), 0 survivors (0K)
 Metaspace       used 4412K, committed 4672K, reserved 1114112K
  class space    used 250K, committed 384K, reserved 1048576K
}
Event: 4.309 GC heap before
{Heap before GC invocations=221 (full 220):
 garbage-first heap   total 16384K, used 4653K [0x0000000601000000, 0x0000000800000000)
  region size 4096K, 1 young (4096K), 0 survivors (0K)
 Metaspace       used 4412K, committed 4672K, reserved 1114112K
  class space    used 250K, committed 384K, reserved 1048576K
}
Event: 4.315 GC heap after
{Heap after GC invocations=222 (full 221):
 garbage-first heap   total 16384K, used 4653K [0x0000000601000000, 0x0000000800000000)
  region size 4096K, 0 young (0K), 0 survivors (0K)
 Metaspace       used 4412K, committed 4672K, reserved 1114112K
  class space    used 250K, committed 384K, reserved 1048576K
}
Event: 4.325 GC heap before
{Heap before GC invocations=222 (full 221):
 garbage-first heap   total 16384K, used 4653K [0x0000000601000000, 0x0000000800000000)
  region size 4096K, 1 young (4096K), 0 survivors (0K)
 Metaspace       used 4412K, committed 4672K, reserved 1114112K
  class space    used 250K, committed 384K, reserved 1048576K
}
Event: 4.331 GC heap after
{Heap after GC invocations=223 (full 222):
 garbage-first heap   total 16384K, used 4653K [0x0000000601000000, 0x0000000800000000)
  region size 4096K, 0 young (0K), 0 survivors (0K)
 Metaspace       used 4412K, committed 4672K, reserved 1114112K
  class space    used 250K, committed 384K, reserved 1048576K
}
Event: 4.342 GC heap before
{Heap before GC invocations=223 (full 222):
 garbage-first heap   total 16384K, used 4653K [0x0000000601000000, 0x0000000800000000)
  region size 4096K, 1 young (4096K), 0 survivors (0K)
 Metaspace       used 4412K, committed 4672K, reserved 1114112K
  class space    used 250K, committed 384K, reserved 1048576K
}
Event: 4.349 GC heap after
{Heap after GC invocations=224 (full 223):
 garbage-first heap   total 16384K, used 4653K [0x0000000601000000, 0x0000000800000000)
  region size 4096K, 0 young (0K), 0 survivors (0K)
 Metaspace       used 4412K, committed 4672K, reserved 1114112K
  class space    used 250K, committed 384K, reserved 1048576K
}
Event: 4.373 GC heap before
{Heap before GC invocations=224 (full 223):
 garbage-first heap   total 16384K, used 4653K [0x0000000601000000, 0x0000000800000000)
  region size 4096K, 1 young (4096K), 0 survivors (0K)
 Metaspace       used 4417K, committed 4672K, reserved 1114112K
  class space    used 250K, committed 384K, reserved 1048576K
}
Event: 4.381 GC heap after
{Heap after GC invocations=225 (full 224):
 garbage-first heap   total 16384K, used 4656K [0x0000000601000000, 0x0000000800000000)
  region size 4096K, 0 young (0K), 0 survivors (0K)
 Metaspace       used 4417K, committed 4672K, reserved 1114112K
  class space    used 250K, committed 384K, reserved 1048576K
}

